#
# A fatal error has been detected by the Java Runtime Environment:
#
#  Internal Error (generateOopMap.cpp:2241), pid=15696, tid=15764
#  fatal error: Rewriting method not allowed at this stage
#
# JRE version: Java(TM) SE Runtime Environment (7.0_51-b13) (build 1.7.0_51-b13)
# Java VM: Java HotSpot(TM) Server VM (24.51-b03 mixed mode windows-x86 )
# Failed to write core dump. Minidumps are not enabled by default on client versions of Windows
#
# If you would like to submit a bug report, please visit:
#   http://bugreport.sun.com/bugreport/crash.jsp
#

---------------  T H R E A D  ---------------

Current thread (0x008d9400):  GCTaskThread [stack: 0x45750000,0x457a0000] [id=15764]

Stack: [0x45750000,0x457a0000],  sp=0x4579f6d4,  free space=317k
Native frames: (J=compiled Java code, j=interpreted, Vv=VM code, C=native code)
V  [jvm.dll+0x1a2901]
V  [jvm.dll+0x19c6a6]
V  [jvm.dll+0xa8f7b]
V  [jvm.dll+0x7d3ff]
V  [jvm.dll+0x7d770]
V  [jvm.dll+0x7dadc]
V  [jvm.dll+0xa9737]
V  [jvm.dll+0xc2c1a]
V  [jvm.dll+0x14ee03]
V  [jvm.dll+0x14f442]
V  [jvm.dll+0x171f5b]
V  [jvm.dll+0x29baba]
V  [jvm.dll+0x28cf8c]
V  [jvm.dll+0x1b9509]
C  [msvcr100.dll+0x5c556]
C  [msvcr100.dll+0x5c600]
C  [kernel32.dll+0x1336a]
C  [ntdll.dll+0x39f72]
C  [ntdll.dll+0x39f45]

JavaThread 0x49836000 (nid = 16000) was being processed
Java frames: (J=compiled Java code, j=interpreted, Vv=VM code)
j  org.springsource.loaded.Utils.loadBytesFromStream(Ljava/io/InputStream;)[B+12
j  org.springsource.loaded.Utils.loadClassAsBytes2(Ljava/lang/ClassLoader;Ljava/lang/String;)[B+39
j  org.springsource.loaded.TypeRegistry.getDescriptorFor(Ljava/lang/String;)Lorg/springsource/loaded/TypeDescriptor;+23
J  org.springsource.loaded.TypeDescriptorExtractor$ExtractionVisitor.computeCatchers()V
j  org.springsource.loaded.TypeDescriptorExtractor$ExtractionVisitor.getTypeDescriptor()Lorg/springsource/loaded/TypeDescriptor;+8
j  org.springsource.loaded.TypeDescriptorExtractor.extract([BZ)Lorg/springsource/loaded/TypeDescriptor;+29
j  org.springsource.loaded.TypeRegistry.addType(Ljava/lang/String;[B)Lorg/springsource/loaded/ReloadableType;+50
J  org.springsource.loaded.agent.SpringLoadedPreProcessor.preProcess(Ljava/lang/ClassLoader;Ljava/lang/String;Ljava/security/ProtectionDomain;[B)[B
J  sun.instrument.TransformerManager.transform(Ljava/lang/ClassLoader;Ljava/lang/String;Ljava/lang/Class;Ljava/security/ProtectionDomain;[B)[B
j  sun.instrument.InstrumentationImpl.transform(Ljava/lang/ClassLoader;Ljava/lang/String;Ljava/lang/Class;Ljava/security/ProtectionDomain;[BZ)[B+34
v  ~StubRoutines::call_stub
j  java.lang.ClassLoader.defineClass1(Ljava/lang/String;[BIILjava/security/ProtectionDomain;Ljava/lang/String;)Ljava/lang/Class;+0
j  java.lang.ClassLoader.defineClass(Ljava/lang/String;[BIILjava/security/ProtectionDomain;)Ljava/lang/Class;+30
j  java.security.SecureClassLoader.defineClass(Ljava/lang/String;[BIILjava/security/CodeSource;)Ljava/lang/Class;+12
j  java.net.URLClassLoader.defineClass(Ljava/lang/String;Lsun/misc/Resource;)Ljava/lang/Class;+220
J  java.net.URLClassLoader$1.run()Ljava/lang/Object;
v  ~StubRoutines::call_stub
J  java.security.AccessController.doPrivileged(Ljava/security/PrivilegedExceptionAction;Ljava/security/AccessControlContext;)Ljava/lang/Object;
J  java.net.URLClassLoader.findClass(Ljava/lang/String;)Ljava/lang/Class;
J  java.lang.ClassLoader.loadClass(Ljava/lang/String;Z)Ljava/lang/Class;
J  java.lang.ClassLoader.loadClass(Ljava/lang/String;)Ljava/lang/Class;
v  ~StubRoutines::call_stub
j  net.i2p.I2PAppContext.<init>(ZLjava/util/Properties;)V+819
j  net.i2p.I2PAppContext.getGlobalContext()Lnet/i2p/I2PAppContext;+156
j  net.i2p.client.I2PClientImpl.createSession(Ljava/io/InputStream;Ljava/util/Properties;)Lnet/i2p/client/I2PSession;+86
j  net.i2p.client.I2PClient$createSession.call(Ljava/lang/Object;[Ljava/lang/Object;)Ljava/lang/Object;+112
j  org.codehaus.groovy.runtime.callsite.CallSiteArray.defaultCall(Lorg/codehaus/groovy/runtime/callsite/CallSite;Ljava/lang/Object;[Ljava/lang/Object;)Ljava/lang/Object;+8
j  org.codehaus.groovy.runtime.callsite.AbstractCallSite.call(Ljava/lang/Object;[Ljava/lang/Object;)Ljava/lang/Object;+3
j  org.codehaus.groovy.runtime.callsite.AbstractCallSite.call(Ljava/lang/Object;Ljava/lang/Object;Ljava/lang/Object;)Ljava/lang/Object;+7
j  cryptmeme.I2PClientService.<clinit>()V+737
v  ~StubRoutines::call_stub
j  sun.reflect.NativeMethodAccessorImpl.invoke0(Ljava/lang/reflect/Method;Ljava/lang/Object;[Ljava/lang/Object;)Ljava/lang/Object;+0
j  sun.reflect.NativeMethodAccessorImpl.invoke(Ljava/lang/Object;[Ljava/lang/Object;)Ljava/lang/Object;+87
J  org.springsource.loaded.ri.ReflectiveInterceptor.jlrMethodInvoke(Ljava/lang/reflect/Method;Ljava/lang/Object;[Ljava/lang/Object;)Ljava/lang/Object;
j  org.codehaus.groovy.grails.commons.ClassPropertyFetcher$GetterPropertyFetcher.get(Lorg/codehaus/groovy/grails/commons/ClassPropertyFetcher$ReferenceInstanceCallback;)Ljava/lang/Object;+16
j  org.codehaus.groovy.grails.commons.ClassPropertyFetcher.getPropertyValueWithFetcher(Ljava/lang/String;Lorg/codehaus/groovy/grails/commons/ClassPropertyFetcher$PropertyFetcher;)Ljava/lang/Object;+9
j  org.codehaus.groovy.grails.commons.ClassPropertyFetcher.getPropertyValue(Ljava/lang/String;Z)Ljava/lang/Object;+10
j  org.codehaus.groovy.grails.commons.ClassPropertyFetcher.getPropertyValue(Ljava/lang/String;)Ljava/lang/Object;+3
j  org.codehaus.groovy.grails.commons.AbstractGrailsClass.getPropertyOrStaticPropertyOrFieldValue(Ljava/lang/String;Ljava/lang/Class;)Ljava/lang/Object;+5
j  org.codehaus.groovy.grails.commons.AbstractGrailsClass.getPropertyValue(Ljava/lang/String;)Ljava/lang/Object;+4
j  org.codehaus.groovy.grails.commons.GrailsClass$getPropertyValue.call(Ljava/lang/Object;Ljava/lang/Object;)Ljava/lang/Object;+17
j  org.codehaus.groovy.grails.plugins.services.ServicesGrailsPlugin$_closure1.doCall(Ljava/lang/Object;)Ljava/lang/Object;+514
j  org.codehaus.groovy.grails.plugins.services.ServicesGrailsPlugin$_closure1.doCall()Ljava/lang/Object;+6
v  ~StubRoutines::call_stub
j  sun.reflect.NativeMethodAccessorImpl.invoke0(Ljava/lang/reflect/Method;Ljava/lang/Object;[Ljava/lang/Object;)Ljava/lang/Object;+0
j  sun.reflect.NativeMethodAccessorImpl.invoke(Ljava/lang/Object;[Ljava/lang/Object;)Ljava/lang/Object;+87
J  org.springsource.loaded.ri.ReflectiveInterceptor.jlrMethodInvoke(Ljava/lang/reflect/Method;Ljava/lang/Object;[Ljava/lang/Object;)Ljava/lang/Object;
J  org.codehaus.groovy.reflection.CachedMethod.invoke(Ljava/lang/Object;[Ljava/lang/Object;)Ljava/lang/Object;
j  groovy.lang.MetaMethod.doMethodInvoke(Ljava/lang/Object;[Ljava/lang/Object;)Ljava/lang/Object;+9
j  groovy.lang.MetaClassImpl.invokeMethod(Ljava/lang/Class;Ljava/lang/Object;Ljava/lang/String;[Ljava/lang/Object;ZZ)Ljava/lang/Object;+1076
J  groovy.lang.ExpandoMetaClass.invokeMethod(Ljava/lang/Class;Ljava/lang/Object;Ljava/lang/String;[Ljava/lang/Object;ZZ)Ljava/lang/Object;
j  groovy.lang.MetaClassImpl.invokeMethod(Ljava/lang/Object;Ljava/lang/String;[Ljava/lang/Object;)Ljava/lang/Object;+10
j  groovy.lang.Closure.call([Ljava/lang/Object;)Ljava/lang/Object;+8
j  groovy.lang.Closure.call()Ljava/lang/Object;+6
j  grails.spring.BeanBuilder.invokeBeanDefiningClosure(Lgroovy/lang/Closure;)Lgrails/spring/BeanBuilder;+6
j  grails.spring.BeanBuilder.beans(Lgroovy/lang/Closure;)Lgrails/spring/BeanBuilder;+2
j  grails.spring.BeanBuilder.invokeMethod(Ljava/lang/String;Ljava/lang/Object;)Ljava/lang/Object;+89
j  org.codehaus.groovy.grails.plugins.DefaultGrailsPlugin.doWithRuntimeConfiguration(Lorg/codehaus/groovy/grails/commons/spring/RuntimeSpringConfiguration;)V+185
j  org.codehaus.groovy.grails.plugins.AbstractGrailsPluginManager.doRuntimeConfiguration(Lorg/codehaus/groovy/grails/commons/spring/RuntimeSpringConfiguration;)V+44
j  org.codehaus.groovy.grails.commons.spring.GrailsRuntimeConfigurator.configure(Ljavax/servlet/ServletContext;Z)Lorg/springframework/web/context/WebApplicationContext;+148
j  org.codehaus.groovy.grails.commons.spring.GrailsRuntimeConfigurator.configure(Ljavax/servlet/ServletContext;)Lorg/springframework/web/context/WebApplicationContext;+3
j  org.codehaus.groovy.grails.web.context.GrailsConfigUtils.configureWebApplicationContext(Ljavax/servlet/ServletContext;Lorg/springframework/web/context/WebApplicationContext;)Lorg/springframework/web/context/WebApplicationContext;+140
j  org.codehaus.groovy.grails.web.context.GrailsContextLoader.initWebApplicationContext(Ljavax/servlet/ServletContext;)Lorg/springframework/web/context/WebApplicationContext;+121
j  org.springframework.web.context.ContextLoaderListener.contextInitialized(Ljavax/servlet/ServletContextEvent;)V+28
j  org.apache.catalina.core.StandardContext.listenerStart()Z+647
j  org.apache.catalina.core.StandardContext.startInternal()V+1206
j  org.apache.catalina.util.LifecycleBase.start()V+210
j  org.apache.catalina.core.ContainerBase$StartChild.call()Ljava/lang/Void;+4
j  org.apache.catalina.core.ContainerBase$StartChild.call()Ljava/lang/Object;+1
j  java.util.concurrent.FutureTask.run()V+42
j  java.util.concurrent.ThreadPoolExecutor.runWorker(Ljava/util/concurrent/ThreadPoolExecutor$Worker;)V+95
j  java.util.concurrent.ThreadPoolExecutor$Worker.run()V+5
j  java.lang.Thread.run()V+11
v  ~StubRoutines::call_stub

---------------  P R O C E S S  ---------------

Java Threads: ( => current thread )
  0x49836000 JavaThread "localhost-startStop-1" daemon [_thread_blocked, id=16000, stack(0x4ce10000,0x4ce60000)]
  0x49835800 JavaThread "Tomcat-startStop-1" daemon [_thread_blocked, id=13052, stack(0x4cda0000,0x4cdf0000)]
  0x49835400 JavaThread "pool-2-thread-5" [_thread_blocked, id=15900, stack(0x4cfe0000,0x4d030000)]
  0x49834c00 JavaThread "pool-2-thread-4" [_thread_blocked, id=16036, stack(0x4cc00000,0x4cc50000)]
  0x49834800 JavaThread "pool-2-thread-3" [_thread_blocked, id=12612, stack(0x4d680000,0x4d6d0000)]
  0x49834000 JavaThread "pool-2-thread-2" [_thread_blocked, id=15256, stack(0x4d5b0000,0x4d600000)]
  0x49833800 JavaThread "pool-2-thread-1" [_thread_blocked, id=15056, stack(0x4d550000,0x4d5a0000)]
  0x4b822800 JavaThread "pool-1-thread-5" [_thread_blocked, id=15064, stack(0x4cce0000,0x4cd30000)]
  0x4993f400 JavaThread "pool-1-thread-4" [_thread_blocked, id=15716, stack(0x4cc50000,0x4cca0000)]
  0x4ba3f400 JavaThread "pool-1-thread-3" [_thread_blocked, id=14484, stack(0x4ab20000,0x4ab70000)]
  0x4b9f9800 JavaThread "pool-1-thread-2" [_thread_blocked, id=12364, stack(0x4aa60000,0x4aab0000)]
  0x49ac6400 JavaThread "pool-1-thread-1" [_thread_blocked, id=15820, stack(0x48ec0000,0x48f10000)]
  0x49d4f800 JavaThread "FileSystemWatcher: files=#128 cl=java.net.URLClassLoader@1dafde4" daemon [_thread_blocked, id=14152, stack(0x490f0000,0x49140000)]
  0x4bd35800 JavaThread "FileSystemWatcher: files=#11 cl=groovy.lang.GroovyClassLoader@948a7" daemon [_thread_blocked, id=15592, stack(0x4cd40000,0x4cd90000)]
  0x4b80f800 JavaThread "FileSystemWatcher: files=#2 cl=org.codehaus.groovy.grails.cli.support.GrailsRootLoader@1dcd49d" daemon [_thread_blocked, id=12728, stack(0x49030000,0x49080000)]
  0x47fe4000 JavaThread "Service Thread" daemon [_thread_blocked, id=13904, stack(0x48820000,0x48870000)]
  0x47fe2800 JavaThread "C2 CompilerThread1" daemon [_thread_blocked, id=10464, stack(0x481f0000,0x48240000)]
  0x47fe8800 JavaThread "C2 CompilerThread0" daemon [_thread_blocked, id=14608, stack(0x48050000,0x480a0000)]
  0x47fa3800 JavaThread "Attach Listener" daemon [_thread_blocked, id=10132, stack(0x482a0000,0x482f0000)]
  0x47f9ac00 JavaThread "Signal Dispatcher" daemon [_thread_blocked, id=11760, stack(0x47da0000,0x47df0000)]
  0x47f6c400 JavaThread "Finalizer" daemon [_thread_blocked, id=13536, stack(0x481a0000,0x481f0000)]
  0x47f66c00 JavaThread "Reference Handler" daemon [_thread_blocked, id=12340, stack(0x480c0000,0x48110000)]
  0x0075d000 JavaThread "main" [_thread_blocked, id=12648, stack(0x00b50000,0x00ba0000)]

Other Threads:
  0x47f65000 VMThread [stack: 0x47c90000,0x47ce0000] [id=13760]
  0x47ffdc00 WatcherThread [stack: 0x48950000,0x489a0000] [id=11552]

=>0x008d9400 (exited) GCTaskThread [stack: 0x45750000,0x457a0000] [id=15764]

VM state:at safepoint (normal execution)

VM Mutex/Monitor currently owned by a thread:  ([mutex/lock_event])
[0x0075b0f0] Threads_lock - owner thread: 0x47f65000
[0x0075b500] Heap_lock - owner thread: 0x49836000

Heap
 PSYoungGen      total 246016K, used 236793K [0x35540000, 0x45540000, 0x45540000)
  eden space 230912K, 96% used [0x35540000,0x42dc14f8,0x436c0000)
  from space 15104K, 99% used [0x436c0000,0x4457d010,0x44580000)
  to   space 16128K, 99% used [0x44580000,0x4553d5e8,0x45540000)
 ParOldGen       total 90880K, used 49451K [0x15540000, 0x1ae00000, 0x35540000)
  object space 90880K, 54% used [0x15540000,0x1858ae10,0x1ae00000)
 PSPermGen       total 33792K, used 31262K [0x05540000, 0x07640000, 0x15540000)
  object space 33792K, 92% used [0x05540000,0x073c7928,0x07640000)

Card table byte_map: [0x00e10000,0x01020000] byte_map_base: 0x00de5600

Polling page: 0x001f0000

Code Cache  [0x02520000, 0x02990000, 0x05520000)
 total_blobs=1459 nmethods=1061 adapters=350 free_code_cache=44804Kb largest_free_block=45704128

Compilation events (10 events):
Event: 10.940 Thread 0x47fe8800 nmethod 1172 0x0285f6c8 code [0x0285f7c0, 0x0285f8b0]
Event: 10.940 Thread 0x47fe8800 1173             org.codehaus.groovy.util.ReferenceType$SoftRef::<init> (12 bytes)
Event: 10.940 Thread 0x47fe2800 nmethod 1171 0x02921c88 code [0x02921d80, 0x02921e70]
Event: 10.941 Thread 0x47fe8800 nmethod 1173 0x02770cc8 code [0x02770dc0, 0x02770e30]
Event: 10.984 Thread 0x47fe2800 1174             sl.org.objectweb.asm.ClassWriter::newClass (9 bytes)
Event: 10.985 Thread 0x47fe2800 nmethod 1174 0x0292c148 code [0x0292c240, 0x0292c2bc]
Event: 10.996 Thread 0x47fe8800 1175             java.lang.Class::copyFields (36 bytes)
Event: 10.999 Thread 0x47fe8800 nmethod 1175 0x02729688 code [0x027297a0, 0x02729a9c]
Event: 11.051 Thread 0x47fe2800 1176             sl.org.objectweb.asm.ClassAdapter::visitMethod (17 bytes)
Event: 11.051 Thread 0x47fe2800 nmethod 1176 0x0292bf48 code [0x0292c040, 0x0292c0b0]

GC Heap History (10 events):
Event: 8.874 GC heap after
Heap after GC invocations=17 (full 2):
 PSYoungGen      total 246784K, used 0K [0x35540000, 0x45540000, 0x45540000)
  eden space 233472K, 0% used [0x35540000,0x35540000,0x43940000)
  from space 13312K, 0% used [0x43940000,0x43940000,0x44640000)
  to   space 15360K, 0% used [0x44640000,0x44640000,0x45540000)
 ParOldGen       total 90880K, used 43557K [0x15540000, 0x1ae00000, 0x35540000)
  object space 90880K, 47% used [0x15540000,0x17fc94c0,0x1ae00000)
 PSPermGen       total 33792K, used 21831K [0x05540000, 0x07640000, 0x15540000)
  object space 33792K, 64% used [0x05540000,0x06a91cf0,0x07640000)
}
Event: 9.313 GC heap before
{Heap before GC invocations=18 (full 2):
 PSYoungGen      total 246784K, used 233472K [0x35540000, 0x45540000, 0x45540000)
  eden space 233472K, 100% used [0x35540000,0x43940000,0x43940000)
  from space 13312K, 0% used [0x43940000,0x43940000,0x44640000)
  to   space 15360K, 0% used [0x44640000,0x44640000,0x45540000)
 ParOldGen       total 90880K, used 43557K [0x15540000, 0x1ae00000, 0x35540000)
  object space 90880K, 47% used [0x15540000,0x17fc94c0,0x1ae00000)
 PSPermGen       total 33792K, used 23883K [0x05540000, 0x07640000, 0x15540000)
  object space 33792K, 70% used [0x05540000,0x06c92cb8,0x07640000)
Event: 9.317 GC heap after
Heap after GC invocations=18 (full 2):
 PSYoungGen      total 246272K, used 3919K [0x35540000, 0x45540000, 0x45540000)
  eden space 230912K, 0% used [0x35540000,0x35540000,0x436c0000)
  from space 15360K, 25% used [0x44640000,0x44a13fe8,0x45540000)
  to   space 15616K, 0% used [0x436c0000,0x436c0000,0x44600000)
 ParOldGen       total 90880K, used 43557K [0x15540000, 0x1ae00000, 0x35540000)
  object space 90880K, 47% used [0x15540000,0x17fc94c0,0x1ae00000)
 PSPermGen       total 33792K, used 23883K [0x05540000, 0x07640000, 0x15540000)
  object space 33792K, 70% used [0x05540000,0x06c92cb8,0x07640000)
}
Event: 9.761 GC heap before
{Heap before GC invocations=19 (full 2):
 PSYoungGen      total 246272K, used 234831K [0x35540000, 0x45540000, 0x45540000)
  eden space 230912K, 100% used [0x35540000,0x436c0000,0x436c0000)
  from space 15360K, 25% used [0x44640000,0x44a13fe8,0x45540000)
  to   space 15616K, 0% used [0x436c0000,0x436c0000,0x44600000)
 ParOldGen       total 90880K, used 43557K [0x15540000, 0x1ae00000, 0x35540000)
  object space 90880K, 47% used [0x15540000,0x17fc94c0,0x1ae00000)
 PSPermGen       total 33792K, used 27165K [0x05540000, 0x07640000, 0x15540000)
  object space 33792K, 80% used [0x05540000,0x06fc77f8,0x07640000)
Event: 9.766 GC heap after
Heap after GC invocations=19 (full 2):
 PSYoungGen      total 237824K, used 6766K [0x35540000, 0x45400000, 0x45540000)
  eden space 230912K, 0% used [0x35540000,0x35540000,0x436c0000)
  from space 6912K, 97% used [0x436c0000,0x43d5b800,0x43d80000)
  to   space 14848K, 0% used [0x44580000,0x44580000,0x45400000)
 ParOldGen       total 90880K, used 43557K [0x15540000, 0x1ae00000, 0x35540000)
  object space 90880K, 47% used [0x15540000,0x17fc94c0,0x1ae00000)
 PSPermGen       total 33792K, used 27165K [0x05540000, 0x07640000, 0x15540000)
  object space 33792K, 80% used [0x05540000,0x06fc77f8,0x07640000)
}
Event: 10.069 GC heap before
{Heap before GC invocations=20 (full 2):
 PSYoungGen      total 237824K, used 229220K [0x35540000, 0x45400000, 0x45540000)
  eden space 230912K, 96% used [0x35540000,0x42e7db50,0x436c0000)
  from space 6912K, 97% used [0x436c0000,0x43d5b800,0x43d80000)
  to   space 14848K, 0% used [0x44580000,0x44580000,0x45400000)
 ParOldGen       total 90880K, used 43557K [0x15540000, 0x1ae00000, 0x35540000)
  object space 90880K, 47% used [0x15540000,0x17fc94c0,0x1ae00000)
 PSPermGen       total 33792K, used 28503K [0x05540000, 0x07640000, 0x15540000)
  object space 33792K, 84% used [0x05540000,0x07115d08,0x07640000)
Event: 10.078 GC heap after
Heap after GC invocations=20 (full 2):
 PSYoungGen      total 245760K, used 9777K [0x35540000, 0x45540000, 0x45540000)
  eden space 230912K, 0% used [0x35540000,0x35540000,0x436c0000)
  from space 14848K, 65% used [0x44580000,0x44f0c470,0x45400000)
  to   space 15104K, 0% used [0x436c0000,0x436c0000,0x44580000)
 ParOldGen       total 90880K, used 43557K [0x15540000, 0x1ae00000, 0x35540000)
  object space 90880K, 47% used [0x15540000,0x17fc94c0,0x1ae00000)
 PSPermGen       total 33792K, used 28503K [0x05540000, 0x07640000, 0x15540000)
  object space 33792K, 84% used [0x05540000,0x07115d08,0x07640000)
}
Event: 10.838 GC heap before
{Heap before GC invocations=21 (full 2):
 PSYoungGen      total 245760K, used 231297K [0x35540000, 0x45540000, 0x45540000)
  eden space 230912K, 95% used [0x35540000,0x42d94010,0x436c0000)
  from space 14848K, 65% used [0x44580000,0x44f0c470,0x45400000)
  to   space 15104K, 0% used [0x436c0000,0x436c0000,0x44580000)
 ParOldGen       total 90880K, used 43557K [0x15540000, 0x1ae00000, 0x35540000)
  object space 90880K, 47% used [0x15540000,0x17fc94c0,0x1ae00000)
 PSPermGen       total 33792K, used 30180K [0x05540000, 0x07640000, 0x15540000)
  object space 33792K, 89% used [0x05540000,0x072b92f0,0x07640000)
Event: 10.854 GC heap after
Heap after GC invocations=21 (full 2):
 PSYoungGen      total 246016K, used 15092K [0x35540000, 0x45540000, 0x45540000)
  eden space 230912K, 0% used [0x35540000,0x35540000,0x436c0000)
  from space 15104K, 99% used [0x436c0000,0x4457d010,0x44580000)
  to   space 16128K, 0% used [0x44580000,0x44580000,0x45540000)
 ParOldGen       total 90880K, used 48229K [0x15540000, 0x1ae00000, 0x35540000)
  object space 90880K, 53% used [0x15540000,0x184595a0,0x1ae00000)
 PSPermGen       total 33792K, used 30180K [0x05540000, 0x07640000, 0x15540000)
  object space 33792K, 89% used [0x05540000,0x072b92f0,0x07640000)
}
Event: 11.064 GC heap before
{Heap before GC invocations=22 (full 2):
 PSYoungGen      total 246016K, used 236793K [0x35540000, 0x45540000, 0x45540000)
  eden space 230912K, 96% used [0x35540000,0x42dc14f8,0x436c0000)
  from space 15104K, 99% used [0x436c0000,0x4457d010,0x44580000)
  to   space 16128K, 0% used [0x44580000,0x44580000,0x45540000)
 ParOldGen       total 90880K, used 48229K [0x15540000, 0x1ae00000, 0x35540000)
  object space 90880K, 53% used [0x15540000,0x184595a0,0x1ae00000)
 PSPermGen       total 33792K, used 31262K [0x05540000, 0x07640000, 0x15540000)
  object space 33792K, 92% used [0x05540000,0x073c7928,0x07640000)

Deoptimization events (10 events):
Event: 9.789 Thread 0x49836000 Uncommon trap: reason=bimorphic action=maybe_recompile pc=0x0280e1b0 method=sl.org.objectweb.asm.MethodAdapter.visitJumpInsn(ILsl/org/objectweb/asm/Label;)V @ 6
Event: 9.789 Thread 0x49836000 Uncommon trap: reason=bimorphic action=maybe_recompile pc=0x0280e1b0 method=sl.org.objectweb.asm.MethodAdapter.visitJumpInsn(ILsl/org/objectweb/asm/Label;)V @ 6
Event: 10.023 Thread 0x49836000 Uncommon trap: reason=unreached action=reinterpret pc=0x0294ee50 method=sl.org.objectweb.asm.MethodWriter.a()I @ 168
Event: 10.036 Thread 0x49836000 Uncommon trap: reason=bimorphic action=maybe_recompile pc=0x0280e1b0 method=sl.org.objectweb.asm.MethodAdapter.visitJumpInsn(ILsl/org/objectweb/asm/Label;)V @ 6
Event: 10.054 Thread 0x49836000 Uncommon trap: reason=class_check action=maybe_recompile pc=0x026b1e64 method=org.springframework.asm.ClassReader.accept(Lorg/springframework/asm/ClassVisitor;[Lorg/springframework/asm/Attribute;Z)V @ 699
Event: 10.165 Thread 0x49836000 Uncommon trap: reason=array_check action=maybe_recompile pc=0x02920930 method=java.util.TimSort.binarySort([Ljava/lang/Object;IIILjava/util/Comparator;)V @ 215
Event: 10.175 Thread 0x49836000 Uncommon trap: reason=array_check action=maybe_recompile pc=0x02920930 method=java.util.TimSort.binarySort([Ljava/lang/Object;IIILjava/util/Comparator;)V @ 215
Event: 10.346 Thread 0x49836000 Uncommon trap: reason=null_check action=make_not_entrant pc=0x0295e9f4 method=java.beans.EventSetDescriptor.setAddListenerMethod(Ljava/lang/reflect/Method;)V @ 40
Event: 10.498 Thread 0x49836000 Uncommon trap: reason=class_check action=maybe_recompile pc=0x02869f9c method=java.beans.Introspector.addPropertyDescriptor(Ljava/beans/PropertyDescriptor;)V @ 51
Event: 10.558 Thread 0x49836000 Uncommon trap: reason=null_check action=make_not_entrant pc=0x027bb128 method=java.beans.EventSetDescriptor.setRemoveListenerMethod(Ljava/lang/reflect/Method;)V @ 40

Internal exceptions (10 events):
Event: 11.056 Thread 0x49836000 Threw 0x3fb8fa88 at C:\re\jdk7u51\527\hotspot\src\share\vm\prims\jvm.cpp:1244
Event: 11.056 Thread 0x49836000 Threw 0x3fb9a578 at C:\re\jdk7u51\527\hotspot\src\share\vm\prims\jvm.cpp:1244
Event: 11.056 Thread 0x49836000 Threw 0x3fb9ade8 at C:\re\jdk7u51\527\hotspot\src\share\vm\prims\jvm.cpp:1244
Event: 11.056 Thread 0x49836000 Threw 0x3fb9b9b8 at C:\re\jdk7u51\527\hotspot\src\share\vm\prims\jvm.cpp:1244
Event: 11.056 Thread 0x49836000 Threw 0x3fba08e8 at C:\re\jdk7u51\527\hotspot\src\share\vm\prims\jvm.cpp:1244
Event: 11.057 Thread 0x49836000 Threw 0x3fba5520 at C:\re\jdk7u51\527\hotspot\src\share\vm\prims\jvm.cpp:1244
Event: 11.057 Thread 0x49836000 Threw 0x3fba5ea8 at C:\re\jdk7u51\527\hotspot\src\share\vm\classfile\systemDictionary.cpp:185
Event: 11.064 Thread 0x49836000 Threw 0x42c46ad8 at C:\re\jdk7u51\527\hotspot\src\share\vm\prims\jvm.cpp:1244
Event: 11.064 Thread 0x49836000 Threw 0x42c47208 at C:\re\jdk7u51\527\hotspot\src\share\vm\prims\jvm.cpp:1244
Event: 11.064 Thread 0x49836000 Threw 0x42c47ab8 at C:\re\jdk7u51\527\hotspot\src\share\vm\prims\jvm.cpp:1244

Events (10 events):
Event: 11.056 loading class 0x4863fff8 done
Event: 11.056 loading class 0x4860bd00
Event: 11.056 loading class 0x4860bd00 done
Event: 11.056 loading class 0x4860bd00
Event: 11.056 loading class 0x4860bd00 done
Event: 11.057 loading class 0x4860bd00
Event: 11.057 loading class 0x4860bd00 done
Event: 11.064 loading class 0x4d9dfb20
Event: 11.064 loading class 0x4d9dfb20 done
Event: 11.064 Executing VM operation: ParallelGCFailedAllocation


Dynamic libraries:
0x010f0000 - 0x0111f000 	C:\Program Files (x86)\Java\jdk1.7.0_51\bin\javaw.exe
0x773a0000 - 0x77520000 	C:\Windows\SysWOW64\ntdll.dll
0x76930000 - 0x76a40000 	C:\Windows\syswow64\kernel32.dll
0x74ec0000 - 0x74f07000 	C:\Windows\syswow64\KERNELBASE.dll
0x76890000 - 0x76930000 	C:\Windows\syswow64\ADVAPI32.dll
0x76460000 - 0x7650c000 	C:\Windows\syswow64\msvcrt.dll
0x74e30000 - 0x74e49000 	C:\Windows\SysWOW64\sechost.dll
0x76eb0000 - 0x76fa0000 	C:\Windows\syswow64\RPCRT4.dll
0x74dc0000 - 0x74e20000 	C:\Windows\syswow64\SspiCli.dll
0x74db0000 - 0x74dbc000 	C:\Windows\syswow64\CRYPTBASE.dll
0x76790000 - 0x76890000 	C:\Windows\syswow64\USER32.dll
0x74f20000 - 0x74fb0000 	C:\Windows\syswow64\GDI32.dll
0x77370000 - 0x7737a000 	C:\Windows\syswow64\LPK.dll
0x751b0000 - 0x7524d000 	C:\Windows\syswow64\USP10.dll
0x71720000 - 0x718be000 	C:\Windows\WinSxS\x86_microsoft.windows.common-controls_6595b64144ccf1df_6.0.7601.17514_none_41e6975e2bd6f2b2\COMCTL32.dll
0x74fb0000 - 0x75007000 	C:\Windows\syswow64\SHLWAPI.dll
0x76b10000 - 0x76b70000 	C:\Windows\system32\IMM32.DLL
0x76a40000 - 0x76b0c000 	C:\Windows\syswow64\MSCTF.dll
0x72cd0000 - 0x72d8f000 	C:\Program Files (x86)\Java\jdk1.7.0_51\jre\bin\msvcr100.dll
0x51660000 - 0x51c09000 	C:\Program Files (x86)\Java\jdk1.7.0_51\jre\bin\server\jvm.dll
0x73330000 - 0x73337000 	C:\Windows\system32\WSOCK32.dll
0x74e50000 - 0x74e85000 	C:\Windows\syswow64\WS2_32.dll
0x76750000 - 0x76756000 	C:\Windows\syswow64\NSI.dll
0x716e0000 - 0x71712000 	C:\Windows\system32\WINMM.dll
0x751a0000 - 0x751a5000 	C:\Windows\syswow64\PSAPI.DLL
0x72ff0000 - 0x72ffc000 	C:\Program Files (x86)\Java\jdk1.7.0_51\jre\bin\verify.dll
0x72c70000 - 0x72c90000 	C:\Program Files (x86)\Java\jdk1.7.0_51\jre\bin\java.dll
0x5c720000 - 0x5c740000 	C:\Program Files (x86)\Java\jdk1.7.0_51\jre\bin\instrument.dll
0x72a80000 - 0x72a93000 	C:\Program Files (x86)\Java\jdk1.7.0_51\jre\bin\zip.dll
0x74090000 - 0x740a6000 	C:\Windows\system32\CRYPTSP.dll
0x74050000 - 0x7408b000 	C:\Windows\system32\rsaenh.dll
0x735d0000 - 0x735e7000 	C:\Windows\system32\USERENV.dll
0x73950000 - 0x7395b000 	C:\Windows\system32\profapi.dll
0x72a60000 - 0x72a74000 	C:\Program Files (x86)\Java\jdk1.7.0_51\jre\bin\net.dll
0x740c0000 - 0x740fc000 	C:\Windows\system32\mswsock.dll
0x737e0000 - 0x737e6000 	C:\Windows\System32\wship6.dll
0x67780000 - 0x67790000 	C:\Windows\system32\NLAapi.dll
0x67770000 - 0x67780000 	C:\Windows\system32\napinsp.dll
0x67750000 - 0x67762000 	C:\Windows\system32\pnrpnsp.dll
0x6bfa0000 - 0x6bfe4000 	C:\Windows\system32\DNSAPI.dll
0x67740000 - 0x67748000 	C:\Windows\System32\winrnr.dll
0x73500000 - 0x7350d000 	C:\Windows\system32\wshbth.dll
0x740b0000 - 0x740b5000 	C:\Windows\System32\wshtcpip.dll
0x737c0000 - 0x737dc000 	C:\Windows\system32\IPHLPAPI.DLL
0x737b0000 - 0x737b7000 	C:\Windows\system32\WINNSI.DLL
0x6f040000 - 0x6f046000 	C:\Windows\system32\rasadhlp.dll
0x73740000 - 0x73778000 	C:\Windows\System32\fwpuclnt.dll
0x74c40000 - 0x74c4f000 	C:\Program Files (x86)\Java\jdk1.7.0_51\jre\bin\nio.dll
0x48760000 - 0x487b4000 	C:\Users\jmorgan\AppData\Local\Temp\jna4858245880839711886.dll
0x00500000 - 0x00508000 	C:\Users\jmorgan\AppData\Local\Temp\jline_.dll
0x5c770000 - 0x5c77a000 	C:\Program Files (x86)\Java\jdk1.7.0_51\jre\bin\management.dll
0x74100000 - 0x741eb000 	C:\Windows\system32\dbghelp.dll

VM Arguments:
jvm_args: -Xmx768M -XX:MaxPermSize=256m -Dbase.dir=C:\Users\jmorgan\git\NoYouShutup\CryptMeme\CryptMeme -Djline.terminal=jline.UnsupportedTerminal -Dgrails.home=C:\Users\jmorgan\Downloads\springsource\grails-2.2.4\ -javaagent:C:\Users\jmorgan\Downloads\springsource\grails-2.2.4\lib\org.springsource.springloaded\springloaded-core\jars\springloaded-core-1.1.3.jar -Xverify:none -Dspringloaded=profile=grails;cacheDir=C:\stuff\workspace\.metadata\.plugins\org.grails.ide.eclipse.core\2.2.4 -Dfile.encoding=Cp1252 
java_command: org.codehaus.groovy.grails.cli.support.GrailsStarter --conf C:\Users\jmorgan\Downloads\springsource\grails-2.2.4\conf\groovy-starter.conf --main org.codehaus.groovy.grails.cli.GrailsScriptRunner run-app
Launcher Type: SUN_STANDARD

Environment Variables:
JAVA_HOME=C:\Program Files (x86)\Java\jdk1.7.0_51
PATH=C:\Program Files (x86)\Intel\iCLS Client\;C:\Program Files\Intel\iCLS Client\;C:\Windows\system32;C:\Windows;C:\Windows\System32\Wbem;C:\Windows\System32\WindowsPowerShell\v1.0\;C:\Program Files\Intel\WiFi\bin\;C:\Program Files\Common Files\Intel\WirelessCommon\;C:\Program Files\Intel\Intel(R) Management Engine Components\DAL;C:\Program Files\Intel\Intel(R) Management Engine Components\IPT;C:\Program Files (x86)\Intel\Intel(R) Management Engine Components\DAL;C:\Program Files (x86)\Intel\Intel(R) Management Engine Components\IPT;C:\Program Files\Dell\Dell Data Protection\TSS\bin\;C:\Program Files (x86)\Subversion\bin;C:\Program Files (x86)\VisualSVN Server\bin
USERNAME=jmorgan
OS=Windows_NT
PROCESSOR_IDENTIFIER=Intel64 Family 6 Model 60 Stepping 3, GenuineIntel



---------------  S Y S T E M  ---------------

OS: Windows 7 , 64 bit Build 7601 Service Pack 1

CPU:total 4 (2 cores per cpu, 2 threads per core) family 6 model 60 stepping 3, cmov, cx8, fxsr, mmx, sse, sse2, sse3, ssse3, sse4.1, sse4.2, popcnt, avx, avx2, aes, erms, ht, tsc, tscinvbit

Memory: 4k page, physical 8291868k(3780776k free), swap 16581872k(11395816k free)

vm_info: Java HotSpot(TM) Server VM (24.51-b03) for windows-x86 JRE (1.7.0_51-b13), built on Dec 18 2013 19:04:14 by "java_re" with unknown MS VC++:1600

time: Sat Mar 15 15:43:42 2014
elapsed time: 11 seconds

