ERROR - Cannot find I2P installation in C:\Users\jmorgan\git\NoYouShutup\CryptMeme\CryptMeme - Will probably be just a router with no apps or console at all!
WARNING: Resource name [jcpuid-x86-windows.dll] was not found
WARNING: Native CPUID library jcpuid not loaded - will not be able to read CPU information using CPUID
INFO: Resource name [jbigi-windows-athlon64_64.dll] was not found
INFO: Resource name [jbigi-windows-athlon64.dll] was not found
INFO: Resource name [jbigi-windows-none_64.dll] was not found
INFO: Resource name [jbigi-windows-none.dll] was not found
WARNING: Native BigInteger library jbigi not loaded - using pure Java - poor performance may result - see http://www.i2p2.i2p/jbigi for help
Warning - No client config file C:\Users\jmorgan\git\NoYouShutup\CryptMeme\CryptMeme\clients.config
Warning - No client apps or router console configured - we are just a router
Setting up I2P Client Service...
2014-03-15 18:25:38,633 [localhost-startStop-1] ERROR context.GrailsContextLoader  - Error initializing the application: null
Message: null
    Line | Method
->>   12 | doCall                           in BootStrap$_closure1
- - - - - - - - - - - - - - - - - - - - - - - - - - - - - - - - - - - - 
|    308 | evaluateEnvironmentSpecificBlock in grails.util.Environment
|    301 | executeForEnvironment . . . . .  in     ''
|    277 | executeForCurrentEnvironment     in     ''
|    262 | run . . . . . . . . . . . . . .  in java.util.concurrent.FutureTask
|   1145 | runWorker                        in java.util.concurrent.ThreadPoolExecutor
|    615 | run . . . . . . . . . . . . . .  in java.util.concurrent.ThreadPoolExecutor$Worker
^    744 | run                              in java.lang.Thread

Caused by I2PSessionException: No manager yet
->>  253 | connect                          in net.i2p.router.client.ClientManagerFacadeImpl
- - - - - - - - - - - - - - - - - - - - - - - - - - - - - - - - - - - - 
|    457 | connect                          in net.i2p.client.I2PSessionImpl
|     45 | init . . . . . . . . . . . . . . in cryptmeme.I2PClientService
|     12 | doCall                           in BootStrap$_closure1
|    308 | evaluateEnvironmentSpecificBlock in grails.util.Environment
|    301 | executeForEnvironment            in     ''
|    277 | executeForCurrentEnvironment . . in     ''
|    262 | run                              in java.util.concurrent.FutureTask
|   1145 | runWorker . . . . . . . . . . .  in java.util.concurrent.ThreadPoolExecutor
|    615 | run                              in java.util.concurrent.ThreadPoolExecutor$Worker
^    744 | run . . . . . . . . . . . . . .  in java.lang.Thread

3/15/14 6:25:35 PM CRIT  [r 1 shutdown] net.i2p.router.Router         : Shutting down the router...
3/15/14 6:25:35 PM CRIT  [r 1 shutdown] net.i2p.router.Router         : Starting final shutdown(3)
Reseed start
Reseeding from https://i2p-netdb.innovatio.no/
Reseed got no router infos from https://i2p-netdb.innovatio.no/
Reseeding from https://reseed.i2p-projekt.de/
Reseed got no router infos from https://reseed.i2p-projekt.de/
Reseeding from https://cowpuncher.drollette.com/netdb/
Exception in thread "UPnP Port Opener 1" java.lang.NullPointerException
	at net.i2p.router.transport.UPnP.addMapping(UPnP.java:691)
	at net.i2p.router.transport.UPnP.tryAddMapping(UPnP.java:315)
	at net.i2p.router.transport.UPnP.access$100(UPnP.java:70)
	at net.i2p.router.transport.UPnP$RegisterPortsThread.run(UPnP.java:946)
	at java.lang.Thread.run(Thread.java:744)
3/15/14 6:25:38 PM CRIT  [r 1 shutdown] net.i2p.router.Router         : Shutdown(3) complete
